mode: set
github.com/fleetdm/fleet/v4/server/vulnerabilities/macoffice/analyzer.go:19.67,23.16 3 1
github.com/fleetdm/fleet/v4/server/vulnerabilities/macoffice/analyzer.go:27.2,27.21 1 1
github.com/fleetdm/fleet/v4/server/vulnerabilities/macoffice/analyzer.go:31.2,31.40 1 1
github.com/fleetdm/fleet/v4/server/vulnerabilities/macoffice/analyzer.go:32.2,35.16 3 1
github.com/fleetdm/fleet/v4/server/vulnerabilities/macoffice/analyzer.go:39.2,41.16 3 1
github.com/fleetdm/fleet/v4/server/vulnerabilities/macoffice/analyzer.go:47.2,47.43 1 1
github.com/fleetdm/fleet/v4/server/vulnerabilities/macoffice/analyzer.go:49.2,49.22 1 1
github.com/fleetdm/fleet/v4/server/vulnerabilities/macoffice/analyzer.go:23.16,25.3 1 1
github.com/fleetdm/fleet/v4/server/vulnerabilities/macoffice/analyzer.go:27.21,29.3 1 1
github.com/fleetdm/fleet/v4/server/vulnerabilities/macoffice/analyzer.go:31.40,31.76 1 1
github.com/fleetdm/fleet/v4/server/vulnerabilities/macoffice/analyzer.go:35.16,37.3 1 0
github.com/fleetdm/fleet/v4/server/vulnerabilities/macoffice/analyzer.go:41.16,43.3 1 1
github.com/fleetdm/fleet/v4/server/vulnerabilities/macoffice/analyzer.go:47.43,47.95 1 1
github.com/fleetdm/fleet/v4/server/vulnerabilities/macoffice/analyzer.go:58.33,60.35 2 1
github.com/fleetdm/fleet/v4/server/vulnerabilities/macoffice/analyzer.go:78.2,78.14 1 1
github.com/fleetdm/fleet/v4/server/vulnerabilities/macoffice/analyzer.go:60.35,63.23 1 1
github.com/fleetdm/fleet/v4/server/vulnerabilities/macoffice/analyzer.go:67.3,67.48 1 1
github.com/fleetdm/fleet/v4/server/vulnerabilities/macoffice/analyzer.go:71.3,71.63 1 1
github.com/fleetdm/fleet/v4/server/vulnerabilities/macoffice/analyzer.go:63.23,64.12 1 1
github.com/fleetdm/fleet/v4/server/vulnerabilities/macoffice/analyzer.go:67.48,69.4 1 1
github.com/fleetdm/fleet/v4/server/vulnerabilities/macoffice/analyzer.go:71.63,76.4 1 1
github.com/fleetdm/fleet/v4/server/vulnerabilities/macoffice/analyzer.go:86.42,88.16 2 1
github.com/fleetdm/fleet/v4/server/vulnerabilities/macoffice/analyzer.go:92.2,93.51 2 1
github.com/fleetdm/fleet/v4/server/vulnerabilities/macoffice/analyzer.go:99.2,99.20 1 1
github.com/fleetdm/fleet/v4/server/vulnerabilities/macoffice/analyzer.go:88.16,90.3 1 1
github.com/fleetdm/fleet/v4/server/vulnerabilities/macoffice/analyzer.go:93.51,98.3 1 1
github.com/fleetdm/fleet/v4/server/vulnerabilities/macoffice/analyzer.go:108.42,113.29 3 1
github.com/fleetdm/fleet/v4/server/vulnerabilities/macoffice/analyzer.go:117.2,118.16 2 1
github.com/fleetdm/fleet/v4/server/vulnerabilities/macoffice/analyzer.go:122.2,123.84 2 1
github.com/fleetdm/fleet/v4/server/vulnerabilities/macoffice/analyzer.go:138.2,138.16 1 1
github.com/fleetdm/fleet/v4/server/vulnerabilities/macoffice/analyzer.go:142.2,142.22 1 1
github.com/fleetdm/fleet/v4/server/vulnerabilities/macoffice/analyzer.go:113.29,115.3 1 1
github.com/fleetdm/fleet/v4/server/vulnerabilities/macoffice/analyzer.go:118.16,120.3 1 1
github.com/fleetdm/fleet/v4/server/vulnerabilities/macoffice/analyzer.go:123.84,126.17 2 1
github.com/fleetdm/fleet/v4/server/vulnerabilities/macoffice/analyzer.go:130.3,130.12 1 1
github.com/fleetdm/fleet/v4/server/vulnerabilities/macoffice/analyzer.go:134.3,134.13 1 1
github.com/fleetdm/fleet/v4/server/vulnerabilities/macoffice/analyzer.go:126.17,128.4 1 1
github.com/fleetdm/fleet/v4/server/vulnerabilities/macoffice/analyzer.go:130.12,132.4 1 1
github.com/fleetdm/fleet/v4/server/vulnerabilities/macoffice/analyzer.go:138.16,140.3 1 1
github.com/fleetdm/fleet/v4/server/vulnerabilities/macoffice/analyzer.go:152.42,154.16 2 1
github.com/fleetdm/fleet/v4/server/vulnerabilities/macoffice/analyzer.go:158.2,158.24 1 1
github.com/fleetdm/fleet/v4/server/vulnerabilities/macoffice/analyzer.go:162.2,163.16 2 1
github.com/fleetdm/fleet/v4/server/vulnerabilities/macoffice/analyzer.go:166.2,169.18 3 1
github.com/fleetdm/fleet/v4/server/vulnerabilities/macoffice/analyzer.go:198.2,198.35 1 1
github.com/fleetdm/fleet/v4/server/vulnerabilities/macoffice/analyzer.go:202.2,202.29 1 1
github.com/fleetdm/fleet/v4/server/vulnerabilities/macoffice/analyzer.go:154.16,156.3 1 1
github.com/fleetdm/fleet/v4/server/vulnerabilities/macoffice/analyzer.go:158.24,160.3 1 1
github.com/fleetdm/fleet/v4/server/vulnerabilities/macoffice/analyzer.go:163.16,165.3 1 0
github.com/fleetdm/fleet/v4/server/vulnerabilities/macoffice/analyzer.go:169.18,171.17 2 1
github.com/fleetdm/fleet/v4/server/vulnerabilities/macoffice/analyzer.go:175.3,177.10 2 1
github.com/fleetdm/fleet/v4/server/vulnerabilities/macoffice/analyzer.go:181.3,184.17 3 1
github.com/fleetdm/fleet/v4/server/vulnerabilities/macoffice/analyzer.go:188.3,189.17 2 1
github.com/fleetdm/fleet/v4/server/vulnerabilities/macoffice/analyzer.go:193.3,193.19 1 1
github.com/fleetdm/fleet/v4/server/vulnerabilities/macoffice/analyzer.go:171.17,173.4 1 0
github.com/fleetdm/fleet/v4/server/vulnerabilities/macoffice/analyzer.go:177.10,178.12 1 1
github.com/fleetdm/fleet/v4/server/vulnerabilities/macoffice/analyzer.go:184.17,186.4 1 0
github.com/fleetdm/fleet/v4/server/vulnerabilities/macoffice/analyzer.go:189.17,191.4 1 0
github.com/fleetdm/fleet/v4/server/vulnerabilities/macoffice/analyzer.go:193.19,195.4 1 1
github.com/fleetdm/fleet/v4/server/vulnerabilities/macoffice/analyzer.go:198.35,200.3 1 0
github.com/fleetdm/fleet/v4/server/vulnerabilities/macoffice/parser.go:36.49,38.28 2 1
github.com/fleetdm/fleet/v4/server/vulnerabilities/macoffice/parser.go:44.2,44.27 1 1
github.com/fleetdm/fleet/v4/server/vulnerabilities/macoffice/parser.go:38.28,40.17 2 1
github.com/fleetdm/fleet/v4/server/vulnerabilities/macoffice/parser.go:40.17,42.4 1 1
github.com/fleetdm/fleet/v4/server/vulnerabilities/macoffice/parser.go:47.53,48.31 1 1
github.com/fleetdm/fleet/v4/server/vulnerabilities/macoffice/parser.go:56.2,56.18 1 1
github.com/fleetdm/fleet/v4/server/vulnerabilities/macoffice/parser.go:48.31,50.59 1 1
github.com/fleetdm/fleet/v4/server/vulnerabilities/macoffice/parser.go:50.59,53.4 2 1
github.com/fleetdm/fleet/v4/server/vulnerabilities/macoffice/parser.go:60.37,61.34 1 1
github.com/fleetdm/fleet/v4/server/vulnerabilities/macoffice/parser.go:67.2,67.11 1 1
github.com/fleetdm/fleet/v4/server/vulnerabilities/macoffice/parser.go:61.34,62.23 1 1
github.com/fleetdm/fleet/v4/server/vulnerabilities/macoffice/parser.go:62.23,64.4 1 1
github.com/fleetdm/fleet/v4/server/vulnerabilities/macoffice/parser.go:73.64,82.6 5 1
github.com/fleetdm/fleet/v4/server/vulnerabilities/macoffice/parser.go:82.6,83.19 1 1
github.com/fleetdm/fleet/v4/server/vulnerabilities/macoffice/parser.go:84.24,86.25 1 1
github.com/fleetdm/fleet/v4/server/vulnerabilities/macoffice/parser.go:89.4,89.23 1 0
github.com/fleetdm/fleet/v4/server/vulnerabilities/macoffice/parser.go:90.27,103.26 2 1
github.com/fleetdm/fleet/v4/server/vulnerabilities/macoffice/parser.go:113.4,113.30 1 1
github.com/fleetdm/fleet/v4/server/vulnerabilities/macoffice/parser.go:135.4,135.26 1 1
github.com/fleetdm/fleet/v4/server/vulnerabilities/macoffice/parser.go:164.4,164.26 1 1
github.com/fleetdm/fleet/v4/server/vulnerabilities/macoffice/parser.go:181.4,181.42 1 1
github.com/fleetdm/fleet/v4/server/vulnerabilities/macoffice/parser.go:209.4,209.44 1 1
github.com/fleetdm/fleet/v4/server/vulnerabilities/macoffice/parser.go:223.4,223.43 1 1
github.com/fleetdm/fleet/v4/server/vulnerabilities/macoffice/parser.go:86.25,88.5 1 1
github.com/fleetdm/fleet/v4/server/vulnerabilities/macoffice/parser.go:103.26,104.54 1 1
github.com/fleetdm/fleet/v4/server/vulnerabilities/macoffice/parser.go:104.54,108.11 3 1
github.com/fleetdm/fleet/v4/server/vulnerabilities/macoffice/parser.go:113.30,119.33 1 1
github.com/fleetdm/fleet/v4/server/vulnerabilities/macoffice/parser.go:119.33,120.76 1 1
github.com/fleetdm/fleet/v4/server/vulnerabilities/macoffice/parser.go:120.76,124.7 2 1
github.com/fleetdm/fleet/v4/server/vulnerabilities/macoffice/parser.go:135.26,137.35 1 1
github.com/fleetdm/fleet/v4/server/vulnerabilities/macoffice/parser.go:137.35,139.44 2 1
github.com/fleetdm/fleet/v4/server/vulnerabilities/macoffice/parser.go:139.44,141.7 1 1
github.com/fleetdm/fleet/v4/server/vulnerabilities/macoffice/parser.go:164.26,167.49 2 1
github.com/fleetdm/fleet/v4/server/vulnerabilities/macoffice/parser.go:171.5,171.32 1 1
github.com/fleetdm/fleet/v4/server/vulnerabilities/macoffice/parser.go:167.49,169.6 1 1
github.com/fleetdm/fleet/v4/server/vulnerabilities/macoffice/parser.go:171.32,172.51 1 1
github.com/fleetdm/fleet/v4/server/vulnerabilities/macoffice/parser.go:172.51,174.12 2 1
github.com/fleetdm/fleet/v4/server/vulnerabilities/macoffice/parser.go:181.42,182.44 1 1
github.com/fleetdm/fleet/v4/server/vulnerabilities/macoffice/parser.go:182.44,184.6 1 1
github.com/fleetdm/fleet/v4/server/vulnerabilities/macoffice/parser.go:209.44,212.21 1 1
github.com/fleetdm/fleet/v4/server/vulnerabilities/macoffice/parser.go:213.29,216.38 1 1
github.com/fleetdm/fleet/v4/server/vulnerabilities/macoffice/parser.go:218.25,219.53 1 1
github.com/fleetdm/fleet/v4/server/vulnerabilities/macoffice/parser.go:223.43,228.33 3 1
github.com/fleetdm/fleet/v4/server/vulnerabilities/macoffice/parser.go:238.5,238.22 1 1
github.com/fleetdm/fleet/v4/server/vulnerabilities/macoffice/parser.go:228.33,230.35 2 1
github.com/fleetdm/fleet/v4/server/vulnerabilities/macoffice/parser.go:230.35,231.38 1 1
github.com/fleetdm/fleet/v4/server/vulnerabilities/macoffice/parser.go:231.38,233.8 1 1
github.com/fleetdm/fleet/v4/server/vulnerabilities/macoffice/parser.go:238.22,239.41 1 1
github.com/fleetdm/fleet/v4/server/vulnerabilities/macoffice/parser.go:239.41,241.7 1 1
github.com/fleetdm/fleet/v4/server/vulnerabilities/macoffice/release_note.go:39.71,44.2 1 1
github.com/fleetdm/fleet/v4/server/vulnerabilities/macoffice/release_note.go:48.37,50.2 1 1
github.com/fleetdm/fleet/v4/server/vulnerabilities/macoffice/release_note.go:56.56,60.23 3 1
github.com/fleetdm/fleet/v4/server/vulnerabilities/macoffice/release_note.go:64.2,64.46 1 1
github.com/fleetdm/fleet/v4/server/vulnerabilities/macoffice/release_note.go:60.23,62.3 1 1
github.com/fleetdm/fleet/v4/server/vulnerabilities/macoffice/release_note.go:69.77,73.40 3 1
github.com/fleetdm/fleet/v4/server/vulnerabilities/macoffice/release_note.go:79.2,79.27 1 1
github.com/fleetdm/fleet/v4/server/vulnerabilities/macoffice/release_note.go:82.2,82.14 1 1
github.com/fleetdm/fleet/v4/server/vulnerabilities/macoffice/release_note.go:73.40,74.56 1 1
github.com/fleetdm/fleet/v4/server/vulnerabilities/macoffice/release_note.go:74.56,76.4 1 1
github.com/fleetdm/fleet/v4/server/vulnerabilities/macoffice/release_note.go:79.27,81.3 1 1
github.com/fleetdm/fleet/v4/server/vulnerabilities/macoffice/release_note.go:87.69,89.9 2 1
github.com/fleetdm/fleet/v4/server/vulnerabilities/macoffice/release_note.go:101.2,101.26 1 1
github.com/fleetdm/fleet/v4/server/vulnerabilities/macoffice/release_note.go:90.56,91.26 1 1
github.com/fleetdm/fleet/v4/server/vulnerabilities/macoffice/release_note.go:92.50,93.20 1 1
github.com/fleetdm/fleet/v4/server/vulnerabilities/macoffice/release_note.go:94.51,95.21 1 1
github.com/fleetdm/fleet/v4/server/vulnerabilities/macoffice/release_note.go:96.53,97.23 1 1
github.com/fleetdm/fleet/v4/server/vulnerabilities/macoffice/release_note.go:98.53,99.23 1 1
github.com/fleetdm/fleet/v4/server/vulnerabilities/macoffice/release_note.go:106.65,108.16 2 1
github.com/fleetdm/fleet/v4/server/vulnerabilities/macoffice/release_note.go:112.2,115.47 3 1
github.com/fleetdm/fleet/v4/server/vulnerabilities/macoffice/release_note.go:108.16,110.3 1 0
github.com/fleetdm/fleet/v4/server/vulnerabilities/macoffice/sync.go:14.63,21.42 5 1
github.com/fleetdm/fleet/v4/server/vulnerabilities/macoffice/sync.go:25.2,25.12 1 1
github.com/fleetdm/fleet/v4/server/vulnerabilities/macoffice/sync.go:21.42,23.3 1 0
github.com/fleetdm/fleet/v4/server/vulnerabilities/macoffice/sync.go:32.9,34.16 2 1
github.com/fleetdm/fleet/v4/server/vulnerabilities/macoffice/sync.go:39.2,39.15 1 1
github.com/fleetdm/fleet/v4/server/vulnerabilities/macoffice/sync.go:43.2,44.16 2 1
github.com/fleetdm/fleet/v4/server/vulnerabilities/macoffice/sync.go:48.2,48.21 1 1
github.com/fleetdm/fleet/v4/server/vulnerabilities/macoffice/sync.go:55.2,55.40 1 1
github.com/fleetdm/fleet/v4/server/vulnerabilities/macoffice/sync.go:59.2,59.29 1 1
github.com/fleetdm/fleet/v4/server/vulnerabilities/macoffice/sync.go:66.2,66.26 1 1
github.com/fleetdm/fleet/v4/server/vulnerabilities/macoffice/sync.go:73.2,73.12 1 1
github.com/fleetdm/fleet/v4/server/vulnerabilities/macoffice/sync.go:34.16,36.3 1 1
github.com/fleetdm/fleet/v4/server/vulnerabilities/macoffice/sync.go:39.15,41.3 1 1
github.com/fleetdm/fleet/v4/server/vulnerabilities/macoffice/sync.go:44.16,46.3 1 1
github.com/fleetdm/fleet/v4/server/vulnerabilities/macoffice/sync.go:48.21,49.51 1 1
github.com/fleetdm/fleet/v4/server/vulnerabilities/macoffice/sync.go:52.3,52.13 1 1
github.com/fleetdm/fleet/v4/server/vulnerabilities/macoffice/sync.go:49.51,51.4 1 0
github.com/fleetdm/fleet/v4/server/vulnerabilities/macoffice/sync.go:55.40,57.3 1 1
github.com/fleetdm/fleet/v4/server/vulnerabilities/macoffice/sync.go:59.29,60.51 1 1
github.com/fleetdm/fleet/v4/server/vulnerabilities/macoffice/sync.go:60.51,62.4 1 1
github.com/fleetdm/fleet/v4/server/vulnerabilities/macoffice/sync.go:66.26,67.23 1 1
github.com/fleetdm/fleet/v4/server/vulnerabilities/macoffice/sync.go:67.23,68.45 1 1
github.com/fleetdm/fleet/v4/server/vulnerabilities/macoffice/sync.go:68.45,70.5 1 1
